<?xml version="1.0" encoding="UTF-8"?>
<!-- Generated by org.testng.reporters.JUnitXMLReporter -->
<testsuite hostname="LAPTOP-US0OO9FE" ignored="0" name="Default test" tests="3" failures="0" timestamp="2020-05-14T12:08:50 IST" time="25.649" errors="0">
  <testcase name="Test1" time="2.042" classname="com.Muntasirlab.demoProject.TestClass"/>
  <testcase name="Test2" time="1.579" classname="com.Muntasirlab.demoProject.TestClass"/>
  <testcase name="Test3" time="1.615" classname="com.Muntasirlab.demoProject.TestClass"/>
</testsuite> <!-- Default test -->
