<?xml version="1.0" encoding="UTF-8"?>
<!-- Generated by org.testng.reporters.JUnitXMLReporter -->
<testsuite hostname="LAPTOP-US0OO9FE" ignored="0" name="Test" tests="3" failures="0" timestamp="2020-05-09T13:36:15 IST" time="24.052" errors="0">
  <testcase name="Test1" time="1.39" classname="com.Muntasirlab.demoProject.TestClass"/>
  <testcase name="Test2" time="1.239" classname="com.Muntasirlab.demoProject.TestClass"/>
  <testcase name="Test3" time="1.491" classname="com.Muntasirlab.demoProject.TestClass"/>
</testsuite> <!-- Test -->
