<?xml version="1.0" encoding="UTF-8"?>
<testng-results skipped="0" failed="0" ignored="0" total="3" passed="3">
  <reporter-output>
  </reporter-output>
  <suite name="Default suite" duration-ms="25649" started-at="2020-05-14T12:08:24 IST" finished-at="2020-05-14T12:08:50 IST">
    <groups>
    </groups>
    <test name="Default test" duration-ms="25649" started-at="2020-05-14T12:08:24 IST" finished-at="2020-05-14T12:08:50 IST">
      <class name="com.Muntasirlab.demoProject.TestClass">
        <test-method status="PASS" signature="launchDriver()[pri:0, instance:com.Muntasirlab.demoProject.TestClass@32464a14]" name="launchDriver" is-config="true" duration-ms="6494" started-at="2020-05-14T12:08:24 IST" finished-at="2020-05-14T12:08:31 IST">
          <reporter-output>
          </reporter-output>
        </test-method> <!-- launchDriver -->
        <test-method status="PASS" signature="Test1()[pri:0, instance:com.Muntasirlab.demoProject.TestClass@32464a14]" name="Test1" duration-ms="2042" started-at="2020-05-14T12:08:31 IST" finished-at="2020-05-14T12:08:33 IST">
          <reporter-output>
          </reporter-output>
        </test-method> <!-- Test1 -->
        <test-method status="PASS" signature="quit(org.testng.ITestResult)[pri:0, instance:com.Muntasirlab.demoProject.TestClass@32464a14]" name="quit" is-config="true" duration-ms="1454" started-at="2020-05-14T12:08:33 IST" finished-at="2020-05-14T12:08:34 IST">
          <params>
            <param index="0">
              <value>
                <![CDATA[[TestResult name=Test1 status=SUCCESS method=TestClass.Test1()[pri:0, instance:com.Muntasirlab.demoProject.TestClass@32464a14] output={null}]]]>
              </value>
            </param>
          </params>
          <reporter-output>
          </reporter-output>
        </test-method> <!-- quit -->
        <test-method status="PASS" signature="launchDriver()[pri:0, instance:com.Muntasirlab.demoProject.TestClass@32464a14]" name="launchDriver" is-config="true" duration-ms="5388" started-at="2020-05-14T12:08:34 IST" finished-at="2020-05-14T12:08:40 IST">
          <reporter-output>
          </reporter-output>
        </test-method> <!-- launchDriver -->
        <test-method status="PASS" signature="Test2()[pri:0, instance:com.Muntasirlab.demoProject.TestClass@32464a14]" name="Test2" duration-ms="1579" started-at="2020-05-14T12:08:40 IST" finished-at="2020-05-14T12:08:41 IST">
          <reporter-output>
          </reporter-output>
        </test-method> <!-- Test2 -->
        <test-method status="PASS" signature="quit(org.testng.ITestResult)[pri:0, instance:com.Muntasirlab.demoProject.TestClass@32464a14]" name="quit" is-config="true" duration-ms="799" started-at="2020-05-14T12:08:41 IST" finished-at="2020-05-14T12:08:42 IST">
          <params>
            <param index="0">
              <value>
                <![CDATA[[TestResult name=Test2 status=SUCCESS method=TestClass.Test2()[pri:0, instance:com.Muntasirlab.demoProject.TestClass@32464a14] output={null}]]]>
              </value>
            </param>
          </params>
          <reporter-output>
          </reporter-output>
        </test-method> <!-- quit -->
        <test-method status="PASS" signature="launchDriver()[pri:0, instance:com.Muntasirlab.demoProject.TestClass@32464a14]" name="launchDriver" is-config="true" duration-ms="5321" started-at="2020-05-14T12:08:42 IST" finished-at="2020-05-14T12:08:47 IST">
          <reporter-output>
          </reporter-output>
        </test-method> <!-- launchDriver -->
        <test-method status="PASS" signature="Test3()[pri:0, instance:com.Muntasirlab.demoProject.TestClass@32464a14]" name="Test3" duration-ms="1615" started-at="2020-05-14T12:08:47 IST" finished-at="2020-05-14T12:08:49 IST">
          <reporter-output>
          </reporter-output>
        </test-method> <!-- Test3 -->
        <test-method status="PASS" signature="quit(org.testng.ITestResult)[pri:0, instance:com.Muntasirlab.demoProject.TestClass@32464a14]" name="quit" is-config="true" duration-ms="908" started-at="2020-05-14T12:08:49 IST" finished-at="2020-05-14T12:08:50 IST">
          <params>
            <param index="0">
              <value>
                <![CDATA[[TestResult name=Test3 status=SUCCESS method=TestClass.Test3()[pri:0, instance:com.Muntasirlab.demoProject.TestClass@32464a14] output={null}]]]>
              </value>
            </param>
          </params>
          <reporter-output>
          </reporter-output>
        </test-method> <!-- quit -->
      </class> <!-- com.Muntasirlab.demoProject.TestClass -->
    </test> <!-- Default test -->
  </suite> <!-- Default suite -->
</testng-results>
